-------------------------------------------------------------------------------
Test set: tests.SingleTest-SamsungGalaxyS22Ultra-12.0-chrome
-------------------------------------------------------------------------------
Tests run: 1, Failures: 0, Errors: 1, Skipped: 0, Time elapsed: 7.749 s <<< FAILURE! - in tests.SingleTest-SamsungGalaxyS22Ultra-12.0-chrome
tests.SingleTest-SamsungGalaxyS22Ultra-12.0-chrome.singleTest(WebDriver)[1]  Time elapsed: 7.289 s  <<< ERROR!
org.junit.jupiter.api.extension.ParameterResolutionException: 
Failed to resolve parameter [org.openqa.selenium.WebDriver arg0] in method [void tests.SingleTest.singleTest(org.openqa.selenium.WebDriver)]: Could not start a new session. Response code 401. Message: Invalid username or password
Build info: version: '4.1.0', revision: '87802e897b'
System info: host: 'DESKTOPGABY', ip: '10.0.0.109', os.name: 'Windows 11', os.arch: 'amd64', os.version: '10.0', java.version: '21.0.4'
Driver info: org.openqa.selenium.remote.RemoteWebDriver
Command: [null, newSession {capabilities=[Capabilities {browserName: chrome, browserVersion: null, bstack:options: {accessKey: YOUR_ACCESS_KEY, browser: chrome, browserName: chrome, browserVersion: null, browserstackSDK: junit5-javaagent/1.43.0, buildIdentifier: #2, buildName: browserstack build, buildProductMap: {accessibility: null, app_automate: false, automate: true, observability: true, percy: false, turboscale: false}, consoleLogs: errors, debug: false, deviceName: Samsung Galaxy S22 Ultra, hostName: DesktopGaby, local: true, localIdentifier: 04_nov__2330_DesktopGaby_IKG6, networkLogs: false, osVersion: 12.0, projectName: BrowserStack Samples, source: junit5:archetype-setup:v1.2, testhubBuildUuid: , userName: YOUR_USERNAME}}], desiredCapabilities=Capabilities {browserName: chrome, browserVersion: null, bstack:options: {accessKey: YOUR_ACCESS_KEY, browser: chrome, browserName: chrome, browserVersion: null, browserstackSDK: junit5-javaagent/1.43.0, buildIdentifier: #2, buildName: browserstack build, buildProductMap: {accessibility: null, app_automate: false, automate: true, observability: true, percy: false, turboscale: false}, consoleLogs: errors, debug: false, deviceName: Samsung Galaxy S22 Ultra, hostName: DesktopGaby, local: true, localIdentifier: 04_nov__2330_DesktopGaby_IKG6, networkLogs: false, osVersion: 12.0, projectName: BrowserStack Samples, source: junit5:archetype-setup:v1.2, testhubBuildUuid: , userName: YOUR_USERNAME}}}]
Capabilities {}
Caused by: org.openqa.selenium.SessionNotCreatedException: 
Could not start a new session. Response code 401. Message: Invalid username or password
Build info: version: '4.1.0', revision: '87802e897b'
System info: host: 'DESKTOPGABY', ip: '10.0.0.109', os.name: 'Windows 11', os.arch: 'amd64', os.version: '10.0', java.version: '21.0.4'
Driver info: org.openqa.selenium.remote.RemoteWebDriver
Command: [null, newSession {capabilities=[Capabilities {browserName: chrome, browserVersion: null, bstack:options: {accessKey: YOUR_ACCESS_KEY, browser: chrome, browserName: chrome, browserVersion: null, browserstackSDK: junit5-javaagent/1.43.0, buildIdentifier: #2, buildName: browserstack build, buildProductMap: {accessibility: null, app_automate: false, automate: true, observability: true, percy: false, turboscale: false}, consoleLogs: errors, debug: false, deviceName: Samsung Galaxy S22 Ultra, hostName: DesktopGaby, local: true, localIdentifier: 04_nov__2330_DesktopGaby_IKG6, networkLogs: false, osVersion: 12.0, projectName: BrowserStack Samples, source: junit5:archetype-setup:v1.2, testhubBuildUuid: , userName: YOUR_USERNAME}}], desiredCapabilities=Capabilities {browserName: chrome, browserVersion: null, bstack:options: {accessKey: YOUR_ACCESS_KEY, browser: chrome, browserName: chrome, browserVersion: null, browserstackSDK: junit5-javaagent/1.43.0, buildIdentifier: #2, buildName: browserstack build, buildProductMap: {accessibility: null, app_automate: false, automate: true, observability: true, percy: false, turboscale: false}, consoleLogs: errors, debug: false, deviceName: Samsung Galaxy S22 Ultra, hostName: DesktopGaby, local: true, localIdentifier: 04_nov__2330_DesktopGaby_IKG6, networkLogs: false, osVersion: 12.0, projectName: BrowserStack Samples, source: junit5:archetype-setup:v1.2, testhubBuildUuid: , userName: YOUR_USERNAME}}}]
Capabilities {}

