<?xml version="1.0" encoding="UTF-8"?>
<testsuite xmlns:xsi="http://www.w3.org/2001/XMLSchema-instance" xsi:noNamespaceSchemaLocation="https://maven.apache.org/surefire/maven-surefire-plugin/xsd/surefire-test-report-3.0.xsd" version="3.0" name="tests.SingleTest-OSX-BigSur-Chrome-latest" time="7.836" tests="1" errors="1" skipped="0" failures="0">
  <properties>
[...]
</properties>
  <testcase name="singleTest(WebDriver)[1]" classname="tests.SingleTest-OSX-BigSur-Chrome-latest" time="7.383">
    <error type="org.junit.jupiter.api.extension.ParameterResolutionException"><![CDATA[org.junit.jupiter.api.extension.ParameterResolutionException: 
Failed to resolve parameter [org.openqa.selenium.WebDriver arg0] in method [void tests.SingleTest.singleTest(org.openqa.selenium.WebDriver)]: Could not start a new session. Response code 401. Message: Invalid username or password
Build info: version: '4.1.0', revision: '87802e897b'
System info: host: 'DESKTOPGABY', ip: '10.0.0.109', os.name: 'Windows 11', os.arch: 'amd64', os.version: '10.0', java.version: '21.0.4'
Driver info: org.openqa.selenium.remote.RemoteWebDriver
Command: [null, newSession {capabilities=[Capabilities {browserName: Chrome, browserVersion: latest, bstack:options: {accessKey: YOUR_ACCESS_KEY, browser: Chrome, browserName: Chrome, browserVersion: latest, browserstackSDK: junit5-javaagent/1.43.0, buildIdentifier: #2, buildName: browserstack build, buildProductMap: {accessibility: null, app_automate: false, automate: true, observability: true, percy: false, turboscale: false}, consoleLogs: errors, debug: false, hostName: DesktopGaby, local: true, localIdentifier: 04_nov__2330_DesktopGaby_IKG6, networkLogs: false, os: OS X, osVersion: Big Sur, projectName: BrowserStack Samples, source: junit5:archetype-setup:v1.2, testhubBuildUuid: , userName: YOUR_USERNAME}}], desiredCapabilities=Capabilities {browserName: Chrome, browserVersion: latest, bstack:options: {accessKey: YOUR_ACCESS_KEY, browser: Chrome, browserName: Chrome, browserVersion: latest, browserstackSDK: junit5-javaagent/1.43.0, buildIdentifier: #2, buildName: browserstack build, buildProductMap: {accessibility: null, app_automate: false, automate: true, observability: true, percy: false, turboscale: false}, consoleLogs: errors, debug: false, hostName: DesktopGaby, local: true, localIdentifier: 04_nov__2330_DesktopGaby_IKG6, networkLogs: false, os: OS X, osVersion: Big Sur, projectName: BrowserStack Samples, source: junit5:archetype-setup:v1.2, testhubBuildUuid: , userName: YOUR_USERNAME}}}]
Capabilities {}
Caused by: org.openqa.selenium.SessionNotCreatedException: 
Could not start a new session. Response code 401. Message: Invalid username or password
Build info: version: '4.1.0', revision: '87802e897b'
System info: host: 'DESKTOPGABY', ip: '10.0.0.109', os.name: 'Windows 11', os.arch: 'amd64', os.version: '10.0', java.version: '21.0.4'
Driver info: org.openqa.selenium.remote.RemoteWebDriver
Command: [null, newSession {capabilities=[Capabilities {browserName: Chrome, browserVersion: latest, bstack:options: {accessKey: YOUR_ACCESS_KEY, browser: Chrome, browserName: Chrome, browserVersion: latest, browserstackSDK: junit5-javaagent/1.43.0, buildIdentifier: #2, buildName: browserstack build, buildProductMap: {accessibility: null, app_automate: false, automate: true, observability: true, percy: false, turboscale: false}, consoleLogs: errors, debug: false, hostName: DesktopGaby, local: true, localIdentifier: 04_nov__2330_DesktopGaby_IKG6, networkLogs: false, os: OS X, osVersion: Big Sur, projectName: BrowserStack Samples, source: junit5:archetype-setup:v1.2, testhubBuildUuid: , userName: YOUR_USERNAME}}], desiredCapabilities=Capabilities {browserName: Chrome, browserVersion: latest, bstack:options: {accessKey: YOUR_ACCESS_KEY, browser: Chrome, browserName: Chrome, browserVersion: latest, browserstackSDK: junit5-javaagent/1.43.0, buildIdentifier: #2, buildName: browserstack build, buildProductMap: {accessibility: null, app_automate: false, automate: true, observability: true, percy: false, turboscale: false}, consoleLogs: errors, debug: false, hostName: DesktopGaby, local: true, localIdentifier: 04_nov__2330_DesktopGaby_IKG6, networkLogs: false, os: OS X, osVersion: Big Sur, projectName: BrowserStack Samples, source: junit5:archetype-setup:v1.2, testhubBuildUuid: , userName: YOUR_USERNAME}}}]
Capabilities {}
]]></error>
    <system-out><![CDATA[WARNING: sun.reflect.Reflection.getCallerClass is not supported. This will impact performance.
]]></system-out>
    <system-err><![CDATA[nov. 04, 2025 11:30:34 PM org.openqa.selenium.remote.tracing.opentelemetry.OpenTelemetryTracer createTracer
INFORMAÇÕES: Using OpenTelemetry for tracing
SLF4J: Failed to load class "org.slf4j.impl.StaticLoggerBinder".
SLF4J: Defaulting to no-operation (NOP) logger implementation
SLF4J: See http://www.slf4j.org/codes.html#StaticLoggerBinder for further details.
]]></system-err>
  </testcase>
</testsuite>